debug 2025/10/19 15:26:55 Iniciando TUI...
debug 2025/10/19 15:26:55 [WS] Conectado! Aguardando ClientID...
debug 2025/10/19 15:26:55 [WS] ClientID recebido: 89b29384-9ad2-43b9-b4c7-f756cd72539e
debug 2025/10/19 15:26:55 [WS] Inscrevendo no tópico: auth.response.89b29384-9ad2-43b9-b4c7-f756cd72539e
debug 2025/10/19 15:26:55 [WS] Mensagem bruta recebida: {Type:subscribed ClientID: Topic:auth.response.89b29384-9ad2-43b9-b4c7-f756cd72539e Data:[]}
debug 2025/10/19 15:27:18 [WS] Publicando no tópico: auth.create_account
debug 2025/10/19 15:27:18 [WS] Mensagem bruta recebida: {Type: ClientID: Topic:auth.response Data:[123 34 116 121 112 101 34 58 34 97 99 99 111 117 110 116 95 99 114 101 97 116 101 100 34 44 34 115 117 99 99 101 115 115 34 58 116 114 117 101 44 34 109 101 115 115 97 103 101 34 58 34 67 111 110 116 97 32 39 106 106 49 39 32 99 114 105 97 100 97 32 99 111 109 32 115 117 99 101 115 115 111 33 34 125]}
debug 2025/10/19 15:27:18 [WS] Recebido AuthResponse: account_created
debug 2025/10/19 15:27:24 [WS] Publicando no tópico: auth.create_account
debug 2025/10/19 15:27:24 [WS] Mensagem bruta recebida: {Type: ClientID: Topic:auth.response Data:[123 34 116 121 112 101 34 58 34 97 99 99 111 117 110 116 95 99 114 101 97 116 101 100 34 44 34 115 117 99 99 101 115 115 34 58 102 97 108 115 101 44 34 101 114 114 111 114 34 58 34 101 115 116 101 32 117 115 101 114 110 97 109 101 32 106 195 161 32 101 120 105 115 116 101 34 125]}
debug 2025/10/19 15:27:24 [WS] Recebido AuthResponse: account_created
debug 2025/10/19 15:27:28 [WS] Publicando no tópico: auth.login
debug 2025/10/19 15:27:28 [WS] Mensagem bruta recebida: {Type: ClientID: Topic:auth.response Data:[123 34 116 121 112 101 34 58 34 108 111 103 105 110 95 114 101 115 112 111 110 115 101 34 44 34 115 117 99 99 101 115 115 34 58 116 114 117 101 44 34 109 101 115 115 97 103 101 34 58 34 76 111 103 105 110 32 100 101 32 39 106 106 49 39 32 98 101 109 45 115 117 99 101 100 105 100 111 33 34 44 34 112 108 97 121 101 114 34 58 123 34 105 100 34 58 34 97 101 98 100 50 55 55 54 45 53 52 55 49 45 52 53 98 50 45 98 48 48 57 45 57 54 51 57 50 97 100 52 52 48 101 49 34 44 34 117 115 101 114 110 97 109 101 34 58 34 106 106 49 34 44 34 115 99 111 114 101 34 58 48 44 34 115 101 114 118 101 114 95 105 100 34 58 34 34 44 34 99 114 101 97 116 101 100 95 97 116 34 58 34 50 48 50 53 45 49 48 45 49 57 84 49 56 58 50 55 58 49 56 46 55 55 51 90 34 44 34 117 112 100 97 116 101 100 95 97 116 34 58 34 50 48 50 53 45 49 48 45 49 57 84 49 56 58 50 55 58 49 56 46 55 55 51 90 34 125 125]}
debug 2025/10/19 15:27:28 [WS] Recebido AuthResponse: login_response
debug 2025/10/19 15:27:49 [WS] Publicando no tópico: auth.login
debug 2025/10/19 15:27:49 [WS] Mensagem bruta recebida: {Type: ClientID: Topic:auth.response Data:[123 34 116 121 112 101 34 58 34 108 111 103 105 110 95 114 101 115 112 111 110 115 101 34 44 34 115 117 99 99 101 115 115 34 58 102 97 108 115 101 44 34 101 114 114 111 114 34 58 34 101 115 116 101 32 99 108 105 101 110 116 101 32 106 195 161 32 101 115 116 195 161 32 108 111 103 97 100 111 32 40 102 97 195 167 97 32 108 111 103 111 117 116 32 112 114 105 109 101 105 114 111 41 34 125]}
debug 2025/10/19 15:27:49 [WS] Recebido AuthResponse: login_response
debug 2025/10/20 18:57:33 Iniciando TUI...
debug 2025/10/20 18:57:33 [WS] Conectado! Aguardando ClientID...
debug 2025/10/20 18:57:33 [WS] ClientID recebido: f456ed11-a704-4e21-b08b-0755d1d88158
debug 2025/10/20 18:57:33 [WS] Inscrevendo no tópico: auth.response.f456ed11-a704-4e21-b08b-0755d1d88158
debug 2025/10/20 18:57:33 [WS] Mensagem bruta recebida: {Type:subscribed ClientID: Topic:auth.response.f456ed11-a704-4e21-b08b-0755d1d88158 Data:[]}
debug 2025/10/20 18:57:44 [WS] Publicando no tópico: auth.login
debug 2025/10/20 18:57:44 [WS] Mensagem bruta recebida: {Type: ClientID: Topic:auth.response Data:[123 34 116 121 112 101 34 58 34 108 111 103 105 110 95 114 101 115 112 111 110 115 101 34 44 34 115 117 99 99 101 115 115 34 58 116 114 117 101 44 34 109 101 115 115 97 103 101 34 58 34 76 111 103 105 110 32 100 101 32 39 109 105 108 108 121 39 32 98 101 109 45 115 117 99 101 100 105 100 111 33 34 44 34 112 108 97 121 101 114 34 58 123 34 105 100 34 58 34 97 50 52 57 98 55 55 50 45 52 52 57 55 45 52 54 102 48 45 98 51 49 49 45 99 102 49 98 102 100 100 51 50 52 97 55 34 44 34 117 115 101 114 110 97 109 101 34 58 34 77 73 76 76 89 34 44 34 115 99 111 114 101 34 58 48 44 34 115 101 114 118 101 114 95 105 100 34 58 34 34 44 34 99 114 101 97 116 101 100 95 97 116 34 58 34 50 48 50 53 45 49 48 45 50 48 84 49 57 58 51 51 58 50 53 46 54 90 34 44 34 117 112 100 97 116 101 100 95 97 116 34 58 34 50 48 50 53 45 49 48 45 50 48 84 49 57 58 51 51 58 50 53 46 54 90 34 125 125]}
debug 2025/10/20 18:57:44 [WS] Recebido AuthResponse: login_response
debug 2025/10/20 18:57:56 [WS] Publicando no tópico: auth.create_account
debug 2025/10/20 18:57:56 [WS] Mensagem bruta recebida: {Type: ClientID: Topic:auth.response Data:[123 34 116 121 112 101 34 58 34 97 99 99 111 117 110 116 95 99 114 101 97 116 101 100 34 44 34 115 117 99 99 101 115 115 34 58 102 97 108 115 101 44 34 101 114 114 111 114 34 58 34 101 115 116 101 32 117 115 101 114 110 97 109 101 32 106 195 161 32 101 120 105 115 116 101 34 125]}
debug 2025/10/20 18:57:56 [WS] Recebido AuthResponse: account_created
debug 2025/10/20 18:58:06 [WS] Publicando no tópico: auth.create_account
debug 2025/10/20 18:58:06 [WS] Mensagem bruta recebida: {Type: ClientID: Topic:auth.response Data:[123 34 116 121 112 101 34 58 34 97 99 99 111 117 110 116 95 99 114 101 97 116 101 100 34 44 34 115 117 99 99 101 115 115 34 58 116 114 117 101 44 34 109 101 115 115 97 103 101 34 58 34 67 111 110 116 97 32 39 77 105 108 111 110 39 32 99 114 105 97 100 97 32 99 111 109 32 115 117 99 101 115 115 111 33 34 125]}
debug 2025/10/20 18:58:06 [WS] Recebido AuthResponse: account_created
debug 2025/10/20 18:58:15 [WS] Publicando no tópico: auth.login
debug 2025/10/20 18:58:15 [WS] Mensagem bruta recebida: {Type: ClientID: Topic:auth.response Data:[123 34 116 121 112 101 34 58 34 108 111 103 105 110 95 114 101 115 112 111 110 115 101 34 44 34 115 117 99 99 101 115 115 34 58 102 97 108 115 101 44 34 101 114 114 111 114 34 58 34 101 115 116 101 32 99 108 105 101 110 116 101 32 106 195 161 32 101 115 116 195 161 32 108 111 103 97 100 111 32 40 102 97 195 167 97 32 108 111 103 111 117 116 32 112 114 105 109 101 105 114 111 41 34 125]}
debug 2025/10/20 18:58:15 [WS] Recebido AuthResponse: login_response
debug 2025/10/20 18:58:30 Iniciando TUI...
debug 2025/10/20 18:58:30 [WS] Conectado! Aguardando ClientID...
debug 2025/10/20 18:58:30 [WS] ClientID recebido: 4d3ed963-5808-4f38-901b-05ddc3578a26
debug 2025/10/20 18:58:30 [WS] Inscrevendo no tópico: auth.response.4d3ed963-5808-4f38-901b-05ddc3578a26
debug 2025/10/20 18:58:30 [WS] Mensagem bruta recebida: {Type:subscribed ClientID: Topic:auth.response.4d3ed963-5808-4f38-901b-05ddc3578a26 Data:[]}
debug 2025/10/20 18:58:34 [WS] Publicando no tópico: auth.login
debug 2025/10/20 18:58:34 [WS] Mensagem bruta recebida: {Type: ClientID: Topic:auth.response Data:[123 34 116 121 112 101 34 58 34 108 111 103 105 110 95 114 101 115 112 111 110 115 101 34 44 34 115 117 99 99 101 115 115 34 58 116 114 117 101 44 34 109 101 115 115 97 103 101 34 58 34 76 111 103 105 110 32 100 101 32 39 109 105 108 108 121 39 32 98 101 109 45 115 117 99 101 100 105 100 111 33 34 44 34 112 108 97 121 101 114 34 58 123 34 105 100 34 58 34 97 50 52 57 98 55 55 50 45 52 52 57 55 45 52 54 102 48 45 98 51 49 49 45 99 102 49 98 102 100 100 51 50 52 97 55 34 44 34 117 115 101 114 110 97 109 101 34 58 34 77 73 76 76 89 34 44 34 115 99 111 114 101 34 58 48 44 34 115 101 114 118 101 114 95 105 100 34 58 34 34 44 34 99 114 101 97 116 101 100 95 97 116 34 58 34 50 48 50 53 45 49 48 45 50 48 84 49 57 58 51 51 58 50 53 46 54 90 34 44 34 117 112 100 97 116 101 100 95 97 116 34 58 34 50 48 50 53 45 49 48 45 50 48 84 49 57 58 51 51 58 50 53 46 54 90 34 125 125]}
debug 2025/10/20 18:58:34 [WS] Recebido AuthResponse: login_response
debug 2025/10/20 18:58:39 [WS] Publicando no tópico: auth.login
debug 2025/10/20 18:58:39 [WS] Mensagem bruta recebida: {Type: ClientID: Topic:auth.response Data:[123 34 116 121 112 101 34 58 34 108 111 103 105 110 95 114 101 115 112 111 110 115 101 34 44 34 115 117 99 99 101 115 115 34 58 102 97 108 115 101 44 34 101 114 114 111 114 34 58 34 101 115 116 101 32 99 108 105 101 110 116 101 32 106 195 161 32 101 115 116 195 161 32 108 111 103 97 100 111 32 40 102 97 195 167 97 32 108 111 103 111 117 116 32 112 114 105 109 101 105 114 111 41 34 125]}
debug 2025/10/20 18:58:39 [WS] Recebido AuthResponse: login_response
debug 2025/10/26 22:39:04 Iniciando TUI...
debug 2025/10/26 22:39:04 [WS] Conectado! Aguardando ClientID...
debug 2025/10/26 22:39:04 [WS] ClientID recebido: 7ed9cee9-87fa-4cbf-8862-0a5e8286747d
debug 2025/10/26 22:39:04 [WS] Inscrevendo no tópico: auth.response.7ed9cee9-87fa-4cbf-8862-0a5e8286747d
debug 2025/10/26 22:39:04 [WS] Mensagem bruta recebida: {Type:subscribed ClientID: Topic:auth.response.7ed9cee9-87fa-4cbf-8862-0a5e8286747d Data:[]}
debug 2025/10/26 22:39:10 [WS] Publicando no tópico: auth.login
debug 2025/10/26 22:39:10 [WS] Mensagem bruta recebida: {Type: ClientID: Topic:auth.response Data:[123 34 116 121 112 101 34 58 34 108 111 103 105 110 95 114 101 115 112 111 110 115 101 34 44 34 115 117 99 99 101 115 115 34 58 116 114 117 101 44 34 109 101 115 115 97 103 101 34 58 34 76 111 103 105 110 32 100 101 32 39 77 73 76 76 89 39 32 98 101 109 45 115 117 99 101 100 105 100 111 33 34 44 34 112 108 97 121 101 114 34 58 123 34 105 100 34 58 34 56 52 99 101 51 100 100 51 45 57 100 99 100 45 52 51 53 49 45 56 53 97 54 45 54 56 98 53 57 101 100 98 53 50 102 101 34 44 34 117 115 101 114 110 97 109 101 34 58 34 77 73 76 76 89 34 44 34 115 99 111 114 101 34 58 48 44 34 115 101 114 118 101 114 95 105 100 34 58 34 34 44 34 99 114 101 97 116 101 100 95 97 116 34 58 34 50 48 50 53 45 49 48 45 50 54 84 49 51 58 49 49 58 50 49 46 52 56 90 34 44 34 117 112 100 97 116 101 100 95 97 116 34 58 34 50 48 50 53 45 49 48 45 50 54 84 49 51 58 49 49 58 50 49 46 52 56 90 34 125 125]}
debug 2025/10/26 22:39:10 [WS] Recebido AuthResponse: login_response
debug 2025/10/26 22:40:02 [WS] Publicando no tópico: auth.create_account
debug 2025/10/26 22:40:02 [WS] Mensagem bruta recebida: {Type: ClientID: Topic:auth.response Data:[123 34 116 121 112 101 34 58 34 97 99 99 111 117 110 116 95 99 114 101 97 116 101 100 34 44 34 115 117 99 99 101 115 115 34 58 102 97 108 115 101 44 34 101 114 114 111 114 34 58 34 101 115 116 101 32 117 115 101 114 110 97 109 101 32 106 195 161 32 101 120 105 115 116 101 34 125]}
debug 2025/10/26 22:40:02 [WS] Recebido AuthResponse: account_created
debug 2025/10/26 22:47:38 [WS] Conectado! Aguardando ClientID...
debug 2025/10/26 22:47:38 [WS] ClientID recebido: 963e540e-0472-4fa4-9e0c-3132ffe8cbff
debug 2025/10/26 22:47:38 [WS] Inscrevendo no tópico: auth.response.963e540e-0472-4fa4-9e0c-3132ffe8cbff
debug 2025/10/26 22:47:38 [WS] Mensagem bruta recebida: {Type:subscribed ClientID: Topic:auth.response.963e540e-0472-4fa4-9e0c-3132ffe8cbff Data:[]}
debug 2025/10/26 22:48:06 [WS] Publicando no tópico: auth.login
debug 2025/10/26 22:48:06 [WS] Mensagem bruta recebida: {Type: ClientID: Topic:auth.response Data:[123 34 116 121 112 101 34 58 34 108 111 103 105 110 95 114 101 115 112 111 110 115 101 34 44 34 115 117 99 99 101 115 115 34 58 102 97 108 115 101 44 34 101 114 114 111 114 34 58 34 117 115 117 195 161 114 105 111 32 110 195 163 111 32 101 110 99 111 110 116 114 97 100 111 34 125]}
debug 2025/10/26 22:48:06 [WS] Recebido AuthResponse: login_response
debug 2025/10/26 22:48:08 [WS] Publicando no tópico: auth.login
debug 2025/10/26 22:48:08 [WS] Mensagem bruta recebida: {Type: ClientID: Topic:auth.response Data:[123 34 116 121 112 101 34 58 34 108 111 103 105 110 95 114 101 115 112 111 110 115 101 34 44 34 115 117 99 99 101 115 115 34 58 102 97 108 115 101 44 34 101 114 114 111 114 34 58 34 117 115 117 195 161 114 105 111 32 110 195 163 111 32 101 110 99 111 110 116 114 97 100 111 34 125]}
debug 2025/10/26 22:48:08 [WS] Recebido AuthResponse: login_response
debug 2025/10/26 22:48:17 [WS] Publicando no tópico: auth.login
debug 2025/10/26 22:48:17 [WS] Mensagem bruta recebida: {Type: ClientID: Topic:auth.response Data:[123 34 116 121 112 101 34 58 34 108 111 103 105 110 95 114 101 115 112 111 110 115 101 34 44 34 115 117 99 99 101 115 115 34 58 102 97 108 115 101 44 34 101 114 114 111 114 34 58 34 117 115 117 195 161 114 105 111 32 110 195 163 111 32 101 110 99 111 110 116 114 97 100 111 34 125]}
debug 2025/10/26 22:48:17 [WS] Recebido AuthResponse: login_response
debug 2025/10/26 22:48:19 [WS] Publicando no tópico: auth.login
debug 2025/10/26 22:48:19 [WS] Mensagem bruta recebida: {Type: ClientID: Topic:auth.response Data:[123 34 116 121 112 101 34 58 34 108 111 103 105 110 95 114 101 115 112 111 110 115 101 34 44 34 115 117 99 99 101 115 115 34 58 102 97 108 115 101 44 34 101 114 114 111 114 34 58 34 117 115 117 195 161 114 105 111 32 110 195 163 111 32 101 110 99 111 110 116 114 97 100 111 34 125]}
debug 2025/10/26 22:48:19 [WS] Recebido AuthResponse: login_response
debug 2025/10/26 22:48:19 [WS] Publicando no tópico: auth.login
debug 2025/10/26 22:48:19 [WS] Mensagem bruta recebida: {Type: ClientID: Topic:auth.response Data:[123 34 116 121 112 101 34 58 34 108 111 103 105 110 95 114 101 115 112 111 110 115 101 34 44 34 115 117 99 99 101 115 115 34 58 102 97 108 115 101 44 34 101 114 114 111 114 34 58 34 117 115 117 195 161 114 105 111 32 110 195 163 111 32 101 110 99 111 110 116 114 97 100 111 34 125]}
debug 2025/10/26 22:48:19 [WS] Recebido AuthResponse: login_response
debug 2025/10/26 22:48:20 [WS] Publicando no tópico: auth.login
debug 2025/10/26 22:48:20 [WS] Mensagem bruta recebida: {Type: ClientID: Topic:auth.response Data:[123 34 116 121 112 101 34 58 34 108 111 103 105 110 95 114 101 115 112 111 110 115 101 34 44 34 115 117 99 99 101 115 115 34 58 102 97 108 115 101 44 34 101 114 114 111 114 34 58 34 117 115 117 195 161 114 105 111 32 110 195 163 111 32 101 110 99 111 110 116 114 97 100 111 34 125]}
debug 2025/10/26 22:48:20 [WS] Recebido AuthResponse: login_response
debug 2025/10/26 22:48:36 [WS] Publicando no tópico: auth.login
debug 2025/10/26 22:48:36 [WS] Mensagem bruta recebida: {Type: ClientID: Topic:auth.response Data:[123 34 116 121 112 101 34 58 34 108 111 103 105 110 95 114 101 115 112 111 110 115 101 34 44 34 115 117 99 99 101 115 115 34 58 116 114 117 101 44 34 109 101 115 115 97 103 101 34 58 34 76 111 103 105 110 32 100 101 32 39 77 73 76 76 89 39 32 98 101 109 45 115 117 99 101 100 105 100 111 33 34 44 34 112 108 97 121 101 114 34 58 123 34 105 100 34 58 34 56 52 99 101 51 100 100 51 45 57 100 99 100 45 52 51 53 49 45 56 53 97 54 45 54 56 98 53 57 101 100 98 53 50 102 101 34 44 34 117 115 101 114 110 97 109 101 34 58 34 77 73 76 76 89 34 44 34 115 99 111 114 101 34 58 48 44 34 115 101 114 118 101 114 95 105 100 34 58 34 34 44 34 99 114 101 97 116 101 100 95 97 116 34 58 34 50 48 50 53 45 49 48 45 50 54 84 49 51 58 49 49 58 50 49 46 52 56 90 34 44 34 117 112 100 97 116 101 100 95 97 116 34 58 34 50 48 50 53 45 49 48 45 50 54 84 49 51 58 49 49 58 50 49 46 52 56 90 34 125 125]}
debug 2025/10/26 22:48:36 [WS] Recebido AuthResponse: login_response
debug 2025/10/26 22:48:39 [WS] Publicando no tópico: matchmaking.enter_queue
debug 2025/10/26 22:51:47 [WS] Publicando no tópico: matchmaking.enter_queue
debug 2025/10/26 22:51:47 [WS] Publicando no tópico: matchmaking.enter_queue
debug 2025/10/26 22:51:47 [WS] Publicando no tópico: matchmaking.enter_queue
debug 2025/10/26 22:52:28 [WS] Conectado! Aguardando ClientID...
debug 2025/10/26 22:52:28 [WS] ClientID recebido: 96b3bd7e-ddc3-4cca-a24e-2644287fa678
debug 2025/10/26 22:52:28 [WS] Inscrevendo no tópico: auth.response.96b3bd7e-ddc3-4cca-a24e-2644287fa678
debug 2025/10/26 22:52:28 [WS] Mensagem bruta recebida: {Type:subscribed ClientID: Topic:auth.response.96b3bd7e-ddc3-4cca-a24e-2644287fa678 Data:[]}
debug 2025/10/26 22:52:33 [WS] Publicando no tópico: auth.login
debug 2025/10/26 22:52:34 [WS] Mensagem bruta recebida: {Type: ClientID: Topic:auth.response Data:[123 34 116 121 112 101 34 58 34 108 111 103 105 110 95 114 101 115 112 111 110 115 101 34 44 34 115 117 99 99 101 115 115 34 58 116 114 117 101 44 34 109 101 115 115 97 103 101 34 58 34 76 111 103 105 110 32 100 101 32 39 77 73 76 76 89 39 32 98 101 109 45 115 117 99 101 100 105 100 111 33 34 44 34 112 108 97 121 101 114 34 58 123 34 105 100 34 58 34 56 52 99 101 51 100 100 51 45 57 100 99 100 45 52 51 53 49 45 56 53 97 54 45 54 56 98 53 57 101 100 98 53 50 102 101 34 44 34 117 115 101 114 110 97 109 101 34 58 34 77 73 76 76 89 34 44 34 115 99 111 114 101 34 58 48 44 34 115 101 114 118 101 114 95 105 100 34 58 34 34 44 34 99 114 101 97 116 101 100 95 97 116 34 58 34 50 48 50 53 45 49 48 45 50 54 84 49 51 58 49 49 58 50 49 46 52 56 90 34 44 34 117 112 100 97 116 101 100 95 97 116 34 58 34 50 48 50 53 45 49 48 45 50 54 84 49 51 58 49 49 58 50 49 46 52 56 90 34 125 125]}
debug 2025/10/26 22:52:34 [WS] Recebido AuthResponse: login_response
debug 2025/10/26 22:52:35 [WS] Publicando no tópico: match.join_queue
debug 2025/10/26 22:54:23 Iniciando TUI...
debug 2025/10/26 22:54:23 [WS] Conectado! Aguardando ClientID...
debug 2025/10/26 22:54:23 [WS] ClientID recebido: b28029c0-2fb2-480e-aa0a-4680f34b5f64
debug 2025/10/26 22:54:23 [WS] Inscrevendo no tópico: auth.response.b28029c0-2fb2-480e-aa0a-4680f34b5f64
debug 2025/10/26 22:54:23 [WS] Mensagem bruta recebida: {Type:subscribed ClientID: Topic:auth.response.b28029c0-2fb2-480e-aa0a-4680f34b5f64 Data:[]}
debug 2025/10/26 22:54:28 [WS] Publicando no tópico: auth.login
debug 2025/10/26 22:54:28 [WS] Mensagem bruta recebida: {Type: ClientID: Topic:auth.response Data:[123 34 116 121 112 101 34 58 34 108 111 103 105 110 95 114 101 115 112 111 110 115 101 34 44 34 115 117 99 99 101 115 115 34 58 102 97 108 115 101 44 34 101 114 114 111 114 34 58 34 117 115 117 195 161 114 105 111 32 106 195 161 32 101 115 116 195 161 32 108 111 103 97 100 111 34 125]}
debug 2025/10/26 22:54:28 [WS] Recebido AuthResponse: login_response
debug 2025/10/26 22:54:39 Iniciando TUI...
debug 2025/10/26 22:54:39 [WS] Conectado! Aguardando ClientID...
debug 2025/10/26 22:54:39 [WS] ClientID recebido: 09119b21-5708-4723-9791-70d49c9e5b94
debug 2025/10/26 22:54:39 [WS] Inscrevendo no tópico: auth.response.09119b21-5708-4723-9791-70d49c9e5b94
debug 2025/10/26 22:54:39 [WS] Mensagem bruta recebida: {Type:subscribed ClientID: Topic:auth.response.09119b21-5708-4723-9791-70d49c9e5b94 Data:[]}
debug 2025/10/26 22:54:44 [WS] Publicando no tópico: auth.login
debug 2025/10/26 22:54:44 [WS] Mensagem bruta recebida: {Type: ClientID: Topic:auth.response Data:[123 34 116 121 112 101 34 58 34 108 111 103 105 110 95 114 101 115 112 111 110 115 101 34 44 34 115 117 99 99 101 115 115 34 58 102 97 108 115 101 44 34 101 114 114 111 114 34 58 34 117 115 117 195 161 114 105 111 32 106 195 161 32 101 115 116 195 161 32 108 111 103 97 100 111 34 125]}
debug 2025/10/26 22:54:44 [WS] Recebido AuthResponse: login_response
debug 2025/10/26 22:55:03 [WS] Publicando no tópico: auth.login
debug 2025/10/26 22:55:03 [WS] Mensagem bruta recebida: {Type: ClientID: Topic:auth.response Data:[123 34 116 121 112 101 34 58 34 108 111 103 105 110 95 114 101 115 112 111 110 115 101 34 44 34 115 117 99 99 101 115 115 34 58 116 114 117 101 44 34 109 101 115 115 97 103 101 34 58 34 76 111 103 105 110 32 100 101 32 39 77 73 76 76 89 39 32 98 101 109 45 115 117 99 101 100 105 100 111 33 34 44 34 112 108 97 121 101 114 34 58 123 34 105 100 34 58 34 56 52 99 101 51 100 100 51 45 57 100 99 100 45 52 51 53 49 45 56 53 97 54 45 54 56 98 53 57 101 100 98 53 50 102 101 34 44 34 117 115 101 114 110 97 109 101 34 58 34 77 73 76 76 89 34 44 34 115 99 111 114 101 34 58 48 44 34 115 101 114 118 101 114 95 105 100 34 58 34 34 44 34 99 114 101 97 116 101 100 95 97 116 34 58 34 50 48 50 53 45 49 48 45 50 54 84 49 51 58 49 49 58 50 49 46 52 56 90 34 44 34 117 112 100 97 116 101 100 95 97 116 34 58 34 50 48 50 53 45 49 48 45 50 54 84 49 51 58 49 49 58 50 49 46 52 56 90 34 125 125]}
debug 2025/10/26 22:55:03 [WS] Recebido AuthResponse: login_response
debug 2025/10/26 23:19:36 Iniciando TUI...
debug 2025/10/26 23:19:36 [WS] Conectado! Aguardando ClientID...
debug 2025/10/26 23:19:36 [WS] ClientID recebido: b13acec8-2ebf-4731-be32-ca6a0998b949
debug 2025/10/26 23:19:36 [WS] Inscrevendo no tópico: auth.response.b13acec8-2ebf-4731-be32-ca6a0998b949
debug 2025/10/26 23:19:36 [WS] Mensagem bruta recebida: {Type:subscribed ClientID: Topic:auth.response.b13acec8-2ebf-4731-be32-ca6a0998b949 Data:[]}
debug 2025/10/26 23:19:53 [WS] Publicando no tópico: auth.login
debug 2025/10/26 23:19:53 [WS] Mensagem bruta recebida: {Type: ClientID: Topic:auth.response Data:[123 34 116 121 112 101 34 58 34 108 111 103 105 110 95 114 101 115 112 111 110 115 101 34 44 34 115 117 99 99 101 115 115 34 58 116 114 117 101 44 34 109 101 115 115 97 103 101 34 58 34 76 111 103 105 110 32 100 101 32 39 77 73 76 76 89 39 32 98 101 109 45 115 117 99 101 100 105 100 111 33 34 44 34 112 108 97 121 101 114 34 58 123 34 105 100 34 58 34 56 52 99 101 51 100 100 51 45 57 100 99 100 45 52 51 53 49 45 56 53 97 54 45 54 56 98 53 57 101 100 98 53 50 102 101 34 44 34 117 115 101 114 110 97 109 101 34 58 34 77 73 76 76 89 34 44 34 115 99 111 114 101 34 58 48 44 34 115 101 114 118 101 114 95 105 100 34 58 34 34 44 34 99 114 101 97 116 101 100 95 97 116 34 58 34 50 48 50 53 45 49 48 45 50 54 84 49 51 58 49 49 58 50 49 46 52 56 90 34 44 34 117 112 100 97 116 101 100 95 97 116 34 58 34 50 48 50 53 45 49 48 45 50 54 84 49 51 58 49 49 58 50 49 46 52 56 90 34 125 125]}
debug 2025/10/26 23:19:53 [WS] Recebido AuthResponse: login_response
debug 2025/10/26 23:19:59 [WS] Publicando no tópico: match.join_queue
debug 2025/10/26 23:27:16 Iniciando TUI...
debug 2025/10/26 23:27:16 [WS] Conectado! Aguardando ClientID...
debug 2025/10/26 23:27:16 [WS] ClientID recebido: 5f797123-86f3-4907-9e44-1299f288d541
debug 2025/10/26 23:27:16 [WS] Inscrevendo no tópico: auth.response.5f797123-86f3-4907-9e44-1299f288d541
debug 2025/10/26 23:27:16 [WS] Inscrevendo no tópico: response.5f797123-86f3-4907-9e44-1299f288d541
debug 2025/10/26 23:27:16 [WS] Mensagem bruta recebida: {Type:subscribed ClientID: Topic:auth.response.5f797123-86f3-4907-9e44-1299f288d541 Data:[]}
debug 2025/10/26 23:27:16 [WS] Mensagem bruta recebida: {Type:subscribed ClientID: Topic:response.5f797123-86f3-4907-9e44-1299f288d541 Data:[]}
debug 2025/10/26 23:27:25 [APP] Trocando para Login
debug 2025/10/26 23:27:29 [WS] Publicando no tópico: auth.login
debug 2025/10/26 23:27:43 [WS] Publicando no tópico: auth.login
debug 2025/10/26 23:27:48 [APP] Trocando para Menu
debug 2025/10/26 23:27:52 [APP] Trocando para Login
debug 2025/10/26 23:27:56 [WS] Publicando no tópico: auth.login
debug 2025/10/26 23:27:59 [APP] Trocando para Menu
debug 2025/10/26 23:28:01 [APP] Trocando para Cadastro
debug 2025/10/26 23:28:02 [APP] Trocando para Menu
debug 2025/10/26 23:30:09 Iniciando TUI...
debug 2025/10/26 23:30:09 [WS] Conectado! Aguardando ClientID...
debug 2025/10/26 23:30:09 [WS] ClientID recebido: 0080ae54-59d2-4acb-9a7b-8cab5ee24191
debug 2025/10/26 23:30:09 [WS] Inscrevendo no tópico: auth.response.0080ae54-59d2-4acb-9a7b-8cab5ee24191
debug 2025/10/26 23:30:09 [WS] Inscrevendo no tópico: response.0080ae54-59d2-4acb-9a7b-8cab5ee24191
debug 2025/10/26 23:30:09 [WS] Mensagem bruta recebida: {Type:subscribed ClientID: Topic:response.0080ae54-59d2-4acb-9a7b-8cab5ee24191 Data:[]}
debug 2025/10/27 16:50:30 Iniciando TUI...
debug 2025/10/27 16:50:30 [WS] Conectado! Aguardando ClientID...
debug 2025/10/27 16:50:30 [WS] ClientID recebido: 2be9203d-5421-4aa7-a802-408043da3ac8
debug 2025/10/27 16:50:30 [WS] Inscrevendo no tópico: auth.response.2be9203d-5421-4aa7-a802-408043da3ac8
debug 2025/10/27 16:50:30 [WS] Mensagem bruta recebida: {Type:subscribed ClientID: Topic:auth.response.2be9203d-5421-4aa7-a802-408043da3ac8 Data:[]}
debug 2025/10/27 16:50:42 [WS] Publicando no tópico: auth.create_account
debug 2025/10/27 16:50:42 [WS] Mensagem bruta recebida: {Type: ClientID: Topic:auth.response Data:[123 34 116 121 112 101 34 58 34 97 99 99 111 117 110 116 95 99 114 101 97 116 101 100 34 44 34 115 117 99 99 101 115 115 34 58 102 97 108 115 101 44 34 101 114 114 111 114 34 58 34 101 115 116 101 32 117 115 101 114 110 97 109 101 32 106 195 161 32 101 120 105 115 116 101 34 125]}
debug 2025/10/27 16:50:42 [WS] Recebido AuthResponse: account_created
debug 2025/10/27 16:50:46 [WS] Publicando no tópico: auth.login
debug 2025/10/27 16:50:46 [WS] Mensagem bruta recebida: {Type: ClientID: Topic:auth.response Data:[123 34 116 121 112 101 34 58 34 108 111 103 105 110 95 114 101 115 112 111 110 115 101 34 44 34 115 117 99 99 101 115 115 34 58 116 114 117 101 44 34 109 101 115 115 97 103 101 34 58 34 76 111 103 105 110 32 100 101 32 39 80 101 100 114 111 39 32 98 101 109 45 115 117 99 101 100 105 100 111 33 34 44 34 112 108 97 121 101 114 34 58 123 34 105 100 34 58 34 102 98 99 102 49 99 49 48 45 101 101 56 99 45 52 55 55 48 45 56 54 53 52 45 101 102 49 48 56 49 98 57 50 57 101 57 34 44 34 117 115 101 114 110 97 109 101 34 58 34 80 101 100 114 111 34 44 34 115 99 111 114 101 34 58 48 44 34 115 101 114 118 101 114 95 105 100 34 58 34 34 44 34 99 114 101 97 116 101 100 95 97 116 34 58 34 50 48 50 53 45 49 48 45 50 55 84 49 57 58 49 54 58 49 50 46 48 55 53 90 34 44 34 117 112 100 97 116 101 100 95 97 116 34 58 34 50 48 50 53 45 49 48 45 50 55 84 49 57 58 49 54 58 49 50 46 48 55 53 90 34 125 125]}
debug 2025/10/27 16:50:46 [WS] Recebido AuthResponse: login_response
